{"level":"error","message":"Error: TypeError: Cannot read properties of undefined (reading 'user')"}
{"level":"error","message":"Error: TypeError: Cannot read properties of undefined (reading 'user')"}
{"level":"error","message":"Error: ValidationError: username: Cast to string failed for value \"{\n  username: 'm@gmail.com',\n  idProduct: '63b495ac4207eabd4a000fcc',\n  quantity: 4\n}\" (type Object) at path \"username\""}
{"level":"error","message":"Error: ValidationError: username: Cast to string failed for value \"{\n  username: 'm@gmail.com',\n  idProduct: '63b495ac4207eabd4a000fcc',\n  quantity: 4\n}\" (type Object) at path \"username\""}
{"level":"error","message":"Error: ValidationError: username: Cast to string failed for value \"{\n  username: 'm@gmail.com',\n  idProduct: '63b49605c8ba8859f4084130',\n  quantity: 1\n}\" (type Object) at path \"username\""}
{"level":"error","message":"Error: ValidationError: username: Cast to string failed for value \"{\n  username: 'm@gmail.com',\n  idProduct: '63b495ac4207eabd4a000fcc',\n  quantity: 1\n}\" (type Object) at path \"username\""}
{"level":"error","message":"Error: ValidationError: username: Cast to string failed for value \"{\n  username: 'm@gmail.com',\n  idProduct: '63b495ac4207eabd4a000fcc',\n  quantity: 1\n}\" (type Object) at path \"username\""}
{"level":"error","message":"Error: ValidationError: username: Cast to string failed for value \"{\n  username: 'm@gmail.com',\n  idProduct: '63b495ac4207eabd4a000fcc',\n  quantity: 1\n}\" (type Object) at path \"username\""}
{"level":"error","message":"Error: ValidationError: username: Cast to string failed for value \"{\n  username: 'm@gmail.com',\n  idProduct: '63b495ac4207eabd4a000fcc',\n  quantity: 1\n}\" (type Object) at path \"username\""}
{"level":"error","message":"Error: ValidationError: username: Cast to string failed for value \"{\n  username: 'm@gmail.com',\n  idProduct: '63b495ac4207eabd4a000fcc',\n  quantity: 1\n}\" (type Object) at path \"username\""}
{"level":"error","message":"Error: MongooseError: Operation `productos.insertOne()` buffering timed out after 10000ms"}
{"level":"error","message":"Error: CastError: Cast to ObjectId failed for value \"63b4983cec446b887f56703bs\" (type string) at path \"_id\" for model \"productos\""}
{"level":"error","message":"Error: CastError: Cast to ObjectId failed for value \"63b4983cec446b887f56703bs\" (type string) at path \"_id\" for model \"productos\""}
{"level":"error","message":"Error: CastError: Cast to ObjectId failed for value \"63dd7e4ad3329a7d4fce3f45d\" (type string) at path \"_id\" for model \"productos\""}
{"level":"error","message":"Error: BSONTypeError: Argument passed in must be a string of 12 bytes or a string of 24 hex characters or an integer"}
{"level":"error","message":"Error: BSONTypeError: Argument passed in must be a string of 12 bytes or a string of 24 hex characters or an integer"}
{"level":"error","message":"Error: BSONTypeError: Argument passed in must be a string of 12 bytes or a string of 24 hex characters or an integer"}
2/5/2023, 6:17:22 PM | [31merror[39m: Error: MongooseError: Operation `users.findOne()` buffering timed out after 10000ms
2/5/2023, 11:57:46 PM | [31merror[39m: Error: MongooseError: Operation `users.findOne()` buffering timed out after 10000ms
2/8/2023, 1:52:07 PM | [31merror[39m: Error: BSONTypeError: Argument passed in does not match the accepted types
2/8/2023, 1:52:39 PM | [31merror[39m: Error: BSONTypeError: Argument passed in does not match the accepted types
2/8/2023, 1:52:40 PM | [31merror[39m: Error: BSONTypeError: Argument passed in does not match the accepted types
2/8/2023, 1:52:42 PM | [31merror[39m: Error: BSONTypeError: Argument passed in does not match the accepted types
2/8/2023, 1:52:46 PM | [31merror[39m: Error: BSONTypeError: Argument passed in does not match the accepted types
2/8/2023, 1:53:14 PM | [31merror[39m: Error: BSONTypeError: Argument passed in does not match the accepted types
2/8/2023, 1:54:09 PM | [31merror[39m: Error: BSONTypeError: Argument passed in does not match the accepted types
2/8/2023, 1:54:11 PM | [31merror[39m: Error: BSONTypeError: Argument passed in does not match the accepted types
2/8/2023, 1:54:13 PM | [31merror[39m: Error: BSONTypeError: Argument passed in does not match the accepted types
2/8/2023, 1:54:19 PM | [31merror[39m: Error: BSONTypeError: Argument passed in does not match the accepted types
2/8/2023, 1:57:02 PM | [31merror[39m: Error: BSONTypeError: Argument passed in does not match the accepted types
2/8/2023, 1:57:51 PM | [31merror[39m: Error: BSONTypeError: Argument passed in does not match the accepted types
2/8/2023, 1:59:14 PM | [31merror[39m: Error: BSONTypeError: Argument passed in does not match the accepted types
2/13/2023, 5:17:28 PM | [31merror[39m: Error: BSONTypeError: Argument passed in must be a string of 12 bytes or a string of 24 hex characters or an integer
2/13/2023, 5:18:09 PM | [31merror[39m: Error: BSONTypeError: Argument passed in must be a string of 12 bytes or a string of 24 hex characters or an integer
2/13/2023, 5:18:11 PM | [31merror[39m: Error: BSONTypeError: Argument passed in must be a string of 12 bytes or a string of 24 hex characters or an integer
2/13/2023, 5:18:33 PM | [31merror[39m: Error: BSONTypeError: Argument passed in must be a string of 12 bytes or a string of 24 hex characters or an integer
2/13/2023, 5:18:41 PM | [31merror[39m: Error: BSONTypeError: Argument passed in must be a string of 12 bytes or a string of 24 hex characters or an integer
2/13/2023, 5:19:33 PM | [31merror[39m: Error: BSONTypeError: Argument passed in must be a string of 12 bytes or a string of 24 hex characters or an integer
2/13/2023, 5:19:40 PM | [31merror[39m: Error: BSONTypeError: Argument passed in must be a string of 12 bytes or a string of 24 hex characters or an integer
2/13/2023, 5:20:12 PM | [31merror[39m: Error: BSONTypeError: Argument passed in must be a string of 12 bytes or a string of 24 hex characters or an integer
2/13/2023, 5:21:08 PM | [31merror[39m: Error: BSONTypeError: Argument passed in must be a string of 12 bytes or a string of 24 hex characters or an integer
2/13/2023, 5:21:10 PM | [31merror[39m: Error: BSONTypeError: Argument passed in must be a string of 12 bytes or a string of 24 hex characters or an integer
2/13/2023, 5:26:17 PM | [31merror[39m: Error: BSONTypeError: Argument passed in must be a string of 12 bytes or a string of 24 hex characters or an integer
2/13/2023, 5:26:50 PM | [31merror[39m: Error: BSONTypeError: Argument passed in must be a string of 12 bytes or a string of 24 hex characters or an integer
2/13/2023, 5:27:35 PM | [31merror[39m: Error: BSONTypeError: Argument passed in must be a string of 12 bytes or a string of 24 hex characters or an integer
2/13/2023, 5:28:37 PM | [31merror[39m: Error: BSONTypeError: Argument passed in must be a string of 12 bytes or a string of 24 hex characters or an integer
2/15/2023, 7:28:40 PM | [31merror[39m: Cannot read properties of undefined (reading 'normalize')
2/15/2023, 7:28:50 PM | [31merror[39m: Cannot read properties of undefined (reading 'normalize')
2/15/2023, 7:29:22 PM | [31merror[39m: Cannot read properties of undefined (reading 'normalize')
2/15/2023, 7:30:06 PM | [31merror[39m: Cannot read properties of undefined (reading 'normalize')
2/15/2023, 7:30:31 PM | [31merror[39m: Cannot read properties of undefined (reading 'normalize')
2/15/2023, 7:31:51 PM | [31merror[39m: Cannot read properties of undefined (reading 'normalize')
2/15/2023, 7:34:54 PM | [31merror[39m: getAllAndRewrite is not defined
2/15/2023, 7:34:56 PM | [31merror[39m: getAllAndRewrite is not defined
2/17/2023, 1:34:48 PM | [31merror[39m: mensajes validation failed: author.id: Path `author.id` is required.
2/17/2023, 5:33:51 PM | [31merror[39m: Authenticate
2/17/2023, 5:34:38 PM | [31merror[39m: Authenticate
2/17/2023, 5:37:35 PM | [31merror[39m: Authenticate
2/17/2023, 5:44:46 PM | [31merror[39m: Authenticate
2/17/2023, 6:28:48 PM | [31merror[39m: Authenticate
2/23/2023, 6:52:17 PM | [31merror[39m: Invalid login: 535-5.7.8 Username and Password not accepted. Learn more at
535 5.7.8  https://support.google.com/mail/?p=BadCredentials be41-20020a05680821a900b0037d74967ef6sm2893818oib.44 - gsmtp
2/23/2023, 6:52:18 PM | [31merror[39m: Authenticate
2/23/2023, 6:58:35 PM | [31merror[39m: Invalid login: 535-5.7.8 Username and Password not accepted. Learn more at
535 5.7.8  https://support.google.com/mail/?p=BadCredentials k7-20020a056870d38700b00172899830dasm705427oag.4 - gsmtp
2/23/2023, 6:58:36 PM | [31merror[39m: Error: Authenticate: error al enviar Whatsapp por nueva compra, corrobore la configuración del servicio
2/23/2023, 7:12:25 PM | [31merror[39m: Argument passed in must be a string of 12 bytes or a string of 24 hex characters or an integer
